C51 COMPILER V9.54   KEY                                                                   06/07/2024 21:03:11 PAGE 1   


C51 COMPILER V9.54, COMPILATION OF MODULE KEY
OBJECT MODULE PLACED IN .\Objects\key.obj
COMPILER INVOKED BY: D:\Keil_uvision5_MDK\Keil_v5\C51\BIN\C51.EXE key.c OPTIMIZE(8,SPEED) BROWSE DEBUG OBJECTEXTEND PRIN
                    -T(.\Listings\key.lst) OBJECT(.\Objects\key.obj)

line level    source

   1          #include "reg52.h"
   2          
   3          typedef unsigned int u16;       //对系统默认数据类型进行重定义
   4          typedef unsigned char u8;
   5          
   6          #define KEY_MATRIX_PORT P1      //使用宏定义矩阵按键控制口      
   7          
   8          #define SMG_A_DP_PORT   P0      //使用宏定义数码管段码口
   9          
  10          
  11          //共阴极数码管显示0~F的段码数据
  12          u8 gsmg_code[16]={0x3f,0x06,0x5b,0x4f,0x66,0x6d,0x7d,0x07,
  13                                          0x7f,0x6f,0x77,0x7c,0x39,0x5e,0x79,0x71};       
  14          
  15          void delay_10us(u16 ten_us)
  16          {
  17   1              while(ten_us--);        
  18   1      }
  19          
  20          // 二维矩阵存储按键状态
  21          u8 key_matrix[4][4] = {
  22                                                          {0x77,0x7b,0x7d,0x7e},
  23                                                          {0xb7,0xbb,0xbd,0xbe},
  24                                                          {0xd7,0xdb,0xdd,0xde},
  25                                                          {0xe7,0xeb,0xed,0xee}   
  26                                                          };  
  27          
  28          // 一维矩阵存储按照行扫描的方式
  29          u8 key_cows[4] = {0x7f,0xbf,0xdf,0xef};
  30          
  31          void scan_keys()
  32          {
  33   1              int i,j;
  34   1              for(i=0;i<4;i++)
  35   1              {
  36   2                      KEY_MATRIX_PORT = key_cows[i];
  37   2                      for(j=0;j<4;j++)
  38   2                      {
  39   3                              if( KEY_MATRIX_PORT != key_cows[i] )//判断第一列按键是否按下
  40   3                                      {
  41   4                                              delay_10us(1000);//消抖
  42   4                                              if(KEY_MATRIX_PORT == key_matrix[i][j])
  43   4                                              {
  44   5                                                      SMG_A_DP_PORT = gsmg_code[4*i+j];
  45   5                                                      break;
  46   5                                              }
  47   4                                      }
  48   3                      }
  49   2                      while(KEY_MATRIX_PORT = key_cows[i]);//等待按键松开
  50   2              }
  51   1      }
  52          
  53          void main()
  54          {       
C51 COMPILER V9.54   KEY                                                                   06/07/2024 21:03:11 PAGE 2   

  55   1              while(1)
  56   1              {
  57   2                      scan_keys();
  58   2              }               
  59   1      }


MODULE INFORMATION:   STATIC OVERLAYABLE
   CODE SIZE        =    104    ----
   CONSTANT SIZE    =   ----    ----
   XDATA SIZE       =   ----    ----
   PDATA SIZE       =   ----    ----
   DATA SIZE        =     36    ----
   IDATA SIZE       =   ----    ----
   BIT SIZE         =   ----    ----
END OF MODULE INFORMATION.


C51 COMPILATION COMPLETE.  0 WARNING(S),  0 ERROR(S)
