C51 COMPILER V9.54   MAIN                                                                  06/07/2024 21:40:44 PAGE 1   


C51 COMPILER V9.54, COMPILATION OF MODULE MAIN
OBJECT MODULE PLACED IN .\Objects\main.obj
COMPILER INVOKED BY: D:\Keil_uvision5_MDK\Keil_v5\C51\BIN\C51.EXE main.c OPTIMIZE(8,SPEED) BROWSE DEBUG OBJECTEXTEND PRI
                    -NT(.\Listings\main.lst) OBJECT(.\Objects\main.obj)

line level    source

   1          #include "reg52.h"
   2          
   3          typedef unsigned int u16;       //对系统默认数据类型进行重定义
   4          typedef unsigned char u8;
   5          
   6          #define KEY_MATRIX_PORT P1      //使用宏定义矩阵按键控制口      
   7          
   8          #define SMG_A_DP_PORT   P0      //使用宏定义数码管段码口
   9          
  10          
  11          //共阴极数码管显示0~F的段码数据
  12          u8 gsmg_code[16]={0x3f,0x06,0x5b,0x4f,0x66,0x6d,0x7d,0x07,
  13                                          0x7f,0x6f,0x77,0x7c,0x39,0x5e,0x79,0x71};       
  14          
  15          void delay_10us(u16 ten_us)
  16          {
  17   1              while(ten_us--);        
  18   1      }
  19          
  20          // 二维矩阵存储按键状态
  21          u8 key_matrix[4][4] = {
  22                                                          {0x77,0x7b,0x7d,0x7e},
  23                                                          {0xb7,0xbb,0xbd,0xbe},
  24                                                          {0xd7,0xdb,0xdd,0xde},
  25                                                          {0xe7,0xeb,0xed,0xee}   
  26                                                          };  
  27          
  28          // 一维矩阵存储按照行扫描的方式
  29          u8 key_cows[4] = {0x7f,0xbf,0xdf,0xef};
  30          
  31          u8 value = 0;
  32          
  33          void scan_keys()
  34          {
  35   1              u8 i,j;
  36   1              //u8 key_value = 0;
  37   1              for(i=0;i<4;i++)
  38   1              {
  39   2                      KEY_MATRIX_PORT = key_cows[i];
  40   2                      if( KEY_MATRIX_PORT != key_cows[i] )//判断第一列按键是否按下
  41   2                      {
  42   3                                      for(j=0;j<4;j++)
  43   3                              {
  44   4                                      delay_10us(550);//消抖
  45   4                                      if(KEY_MATRIX_PORT == key_matrix[i][j])
  46   4                                      {
  47   5                                              value = 4*i+j;
  48   5                                              //SMG_A_DP_PORT = gsmg_code[4*i+j];
  49   5                                              //while(KEY_MATRIX_PORT == key_cows[i]);//等待按键松开
  50   5                                      }
  51   4                              }
  52   3                      }
  53   2              }
  54   1      }
C51 COMPILER V9.54   MAIN                                                                  06/07/2024 21:40:44 PAGE 2   

  55          
  56          void main()
  57          {       
  58   1              while(1)
  59   1              {
  60   2                      scan_keys();
  61   2                      SMG_A_DP_PORT = gsmg_code[value];
  62   2              }               
  63   1      }


MODULE INFORMATION:   STATIC OVERLAYABLE
   CODE SIZE        =     76    ----
   CONSTANT SIZE    =   ----    ----
   XDATA SIZE       =   ----    ----
   PDATA SIZE       =   ----    ----
   DATA SIZE        =     37    ----
   IDATA SIZE       =   ----    ----
   BIT SIZE         =   ----    ----
END OF MODULE INFORMATION.


C51 COMPILATION COMPLETE.  0 WARNING(S),  0 ERROR(S)
